POWER NET REPORT 
Generated Date: Fri May 15 23:22:08 2026
Host Name: TC-DL5


==============================
POWER NET 
==============================
Power Net: VDD
Voltage: 1.100
Threshold: 0.990


==============================
POWER-GRID VIEW
==============================
Power-Grid Views Used: 45


==============================
POWER-GRID ATTRIBUTES
==============================
Total Resistor Elements: 2982
    Please refer to ../VDD/grid.gif for more details
Top-level Resistor Elements:2982
Cell Library Resistor Elements: 0
Total Number of Current Taps: 860
    Please refer to ../VDD/tc.gif for more details


==============================
IR DROP ANALYSIS
==============================
Layer based IR Drop Report: See Report
Minimum, Average, Maximum IR drop: 1.087V 1.094V 1.100V
    Please refer to ../VDD/ir_linear.gif for more details
Dynamic Worst Case Interval:62 (0.310ns) 
Peak Dynamic Current Specified: 0.000A
Peak Dynamic Current Loaded: 0.000A
Number of Violations: 0
    Please refer to ../VDD/ir_limit.gif for more details


==============================
EFFECTIVE RESISTANCE ANALYSIS
==============================
Minimum, Average, Maximum Reff: NA, NA, NA


==============================
CURRENT DENSITY ANALYSIS
==============================
Minimum, Average, Maximum J/Jmax:
Number of Violations: 0
    Please refer to /home/wei0829/voltus_tdt_question_ng45_gcd/outputs/she_out/PDcore_25C_dynamic_7/Reports/VDD/rj.gif for more details


==============================
POWER SWITCH ANALYSIS
==============================
PowerGate Current I/Idsat violations: 
    Please refer to /home/wei0829/voltus_tdt_question_ng45_gcd/outputs/she_out/PDcore_25C_dynamic_7/Reports/VDD/pi.gif for more details
Minimum, Average, Maximum I/Idsat (pi): NA, NA, NA
Minimum, Average, Maximum IRdrop Across PowerGate (pv): NA, NA, NA
Power Switch ECO file for Soc Encounter: 


==============================
PACKAGE ANALYSIS
==============================
Voltage Drop Across Package (vu): NA, NA, NA


==============================
CAPACITANCE ANALYSIS
==============================
Decap Optimization method: area  
Total Coupling Capacitance: 1.734pF
    Please refer to ../VDD/dd.gif for more details
Grid Coupling Capacitance: 63.902fF
Gate Coupling Capacitance (internal): 0.000F
Loading Coupling Capacitance: 1.670pF
Capacitance Offered by Placed Decaps: 0.000F
Additional Capacitance Required: 0.000F
    Please refer to ../VDD/dr.gif for more details
Total Feasible Capacitance: 0.000F
Total Leakage Current of Placed Decaps: 0.000A
Total Leakage Current of ECO Decaps: 0.000A
What-if ECO File:   
SoC Encounter ECO File: /home/wei0829/voltus_tdt_question_ng45_gcd/outputs/she_out/PDcore_25C_dynamic_7//VDD/vs2fe_eco.tcl 


==============================
ADDITIONAL FILES
==============================
Instance Voltage File: /home/wei0829/voltus_tdt_question_ng45_gcd/outputs/she_out/PDcore_25C_dynamic_7/Reports/VDD/VDD.iv
Dynamic IR drop Waveform File (dynamic): /home/wei0829/voltus_tdt_question_ng45_gcd/outputs/she_out/PDcore_25C_dynamic_7//VDD/VDD.ptiavg 
Effective Instance Voltage File (dynamic): /home/wei0829/voltus_tdt_question_ng45_gcd/outputs/she_out/PDcore_25C_dynamic_7/Reports/VDD_VSS.iv 
Summary: /home/wei0829/voltus_tdt_question_ng45_gcd/outputs/she_out/PDcore_25C_dynamic_7//VDD/results 


