POWER NET REPORT 
Generated Date: Thu May 14 23:32:39 2026
Host Name: TC-DL5


==============================
POWER NET 
==============================
Power Net: VSS
Voltage: 0.000
Threshold: 0.110


==============================
POWER-GRID VIEW
==============================
Power-Grid Views Used: 45


==============================
POWER-GRID ATTRIBUTES
==============================
Total Resistor Elements: 2449
    Please refer to ../VSS/grid.gif for more details
Top-level Resistor Elements:2449
Cell Library Resistor Elements: 0
Total Number of Current Taps: 860
    Please refer to ../VSS/tc.gif for more details


==============================
IR DROP ANALYSIS
==============================
Layer based IR Drop Report: See Report
Minimum, Average, Maximum IR drop: 0.000V 6.238mV 15.542mV
    Please refer to ../VSS/ir_linear.gif for more details
Dynamic Worst Case Interval:149 (0.745ns) 
Peak Dynamic Current Specified: 0.000A
Peak Dynamic Current Loaded: 0.000A
Number of Violations: 0
    Please refer to ../VSS/ir_limit.gif for more details


==============================
EFFECTIVE RESISTANCE ANALYSIS
==============================
Minimum, Average, Maximum Reff: NA, NA, NA


==============================
CURRENT DENSITY ANALYSIS
==============================
Minimum, Average, Maximum J/Jmax:
Number of Violations: 0
    Please refer to /home/wei0829/voltus_tdt_question_ng45_gcd/outputs/she_out/PDcore_25C_dynamic_5/Reports/VSS/rj.gif for more details


==============================
POWER SWITCH ANALYSIS
==============================
PowerGate Current I/Idsat violations: 
    Please refer to /home/wei0829/voltus_tdt_question_ng45_gcd/outputs/she_out/PDcore_25C_dynamic_5/Reports/VSS/pi.gif for more details
Minimum, Average, Maximum I/Idsat (pi): NA, NA, NA
Minimum, Average, Maximum IRdrop Across PowerGate (pv): NA, NA, NA
Power Switch ECO file for Soc Encounter: 


==============================
PACKAGE ANALYSIS
==============================
Voltage Drop Across Package (vu): NA, NA, NA


==============================
CAPACITANCE ANALYSIS
==============================
Decap Optimization method: area  
Total Coupling Capacitance: 1.740pF
    Please refer to ../VSS/dd.gif for more details
Grid Coupling Capacitance: 70.194fF
Gate Coupling Capacitance (internal): 0.000F
Loading Coupling Capacitance: 1.670pF
Capacitance Offered by Placed Decaps: 0.000F
Additional Capacitance Required: 0.000F
    Please refer to ../VSS/dr.gif for more details
Total Feasible Capacitance: 0.000F
Total Leakage Current of Placed Decaps: 0.000A
Total Leakage Current of ECO Decaps: 0.000A
What-if ECO File:   
SoC Encounter ECO File: /home/wei0829/voltus_tdt_question_ng45_gcd/outputs/she_out/PDcore_25C_dynamic_5//VSS/vs2fe_eco.tcl 


==============================
ADDITIONAL FILES
==============================
Instance Voltage File: /home/wei0829/voltus_tdt_question_ng45_gcd/outputs/she_out/PDcore_25C_dynamic_5/Reports/VSS/VSS.iv
Dynamic IR drop Waveform File (dynamic): /home/wei0829/voltus_tdt_question_ng45_gcd/outputs/she_out/PDcore_25C_dynamic_5//VSS/VSS.ptiavg 
Effective Instance Voltage File (dynamic): /home/wei0829/voltus_tdt_question_ng45_gcd/outputs/she_out/PDcore_25C_dynamic_5/Reports/VDD_VSS.iv 
Summary: /home/wei0829/voltus_tdt_question_ng45_gcd/outputs/she_out/PDcore_25C_dynamic_5//VSS/results 


