*----------------------------------------------------------------------------------------
*	Voltus IC Power Integrity Solution 23.11-s111_1 (64bit) 05/16/2024 09:07 (Linux 3.10.0-693.el7.x86_64)
*	
*
* 	Date & Time:	2026-May-12 17:49:38 (2026-May-12 09:49:38 GMT)
*
*----------------------------------------------------------------------------------------
*
*	Design: gcd
*
*	Liberty Libraries used: 
*	        hold_func: /home/wei0829/voltus_tdt_question_ng45_gcd/inputs/lib/NangateOpenCellLibrary_typical.lib
*
*	Power Domain used: 
*              Rail:        VDD      Voltage:        1.1 
*
*	Parasitic Files used: 
*	        /home/wei0829/voltus_tdt_question_ng45_gcd/inputs/design/6_final.spef
*
*       Power View : hold_func
*
*       User-Defined Activity : N.A.
*
*       Activity File: N.A.
*
*       Hierarchical Global Activity: N.A.
*
*       Global Activity: N.A.
*
*       Sequential Element Activity: 0.100000
*
*       Primary Input Activity: 0.200000
*
*       Default Icg Ratio: 2.000000
*
*       Global Comb ClockGate Ratio: 2.000000
*
*	Power Units = 1mW
*
*	Time Units = 1e-09 secs 
*
*       Temperature = 25 
*
*       report_power -outfile /home/wei0829/voltus_tdt_question_ng45_gcd/outputs/static_db/static_power.rpt -rail_analysis_format VS
*
-----------------------------------------------------------------------------------------
Cell                            Internal   Switching       Total     Leakage   Cell
                                   Power       Power       Power       Power   Name
--------------------------------------------------------------------------------------
clkbuf_2_3__f_clk                0.02249       0.039     0.06152   3.056e-05  CLKBUF_X3
clkbuf_2_2__f_clk                0.02245     0.03587     0.05834   3.056e-05  CLKBUF_X3
clkbuf_2_0__f_clk                0.02244     0.03583      0.0583   3.056e-05  CLKBUF_X3
clkbuf_2_1__f_clk                0.02244     0.03523      0.0577   3.056e-05  CLKBUF_X3
clkbuf_0_clk                      0.0223     0.02539     0.04772   3.056e-05  CLKBUF_X3
place61                          0.01135    0.008981     0.02066   0.0003348  BUF_X16
ctrl.state.out[0]$_DFF_P_        0.01139    0.008022     0.01953   0.0001156  DFF_X2
place62                         0.007862    0.006314     0.01435   0.0001747  BUF_X8
dpath.a_reg.out[1]$_DFFE_PP_      0.0101    0.001756     0.01194   7.849e-05  DFF_X1
dpath.a_reg.out[0]$_DFFE_PP_      0.0101      0.0016     0.01178   7.849e-05  DFF_X1
dpath.a_reg.out[12]$_DFFE_PP_    0.01009    0.001561     0.01173   7.849e-05  DFF_X1
dpath.b_reg.out[12]$_DFFE_PP_    0.01015    0.001479      0.0117    7.87e-05  DFF_X1
dpath.b_reg.out[8]$_DFFE_PP_     0.01015    0.001414     0.01164    7.87e-05  DFF_X1
dpath.b_reg.out[7]$_DFFE_PP_     0.01015    0.001403     0.01163    7.87e-05  DFF_X1
dpath.b_reg.out[14]$_DFFE_PP_    0.01015     0.00136     0.01158    7.87e-05  DFF_X1
dpath.b_reg.out[15]$_DFFE_PP_    0.01016    0.001273     0.01152   7.885e-05  DFF_X1
dpath.b_reg.out[1]$_DFFE_PP_     0.01016    0.001266     0.01151   7.885e-05  DFF_X1
ctrl.state.out[2]$_DFF_P_        0.01013    0.001286     0.01149    7.84e-05  DFF_X1
dpath.b_reg.out[11]$_DFFE_PP_    0.01014    0.001225     0.01145    7.87e-05  DFF_X1
dpath.a_reg.out[15]$_DFFE_PP_    0.01009     0.00124      0.0114   7.849e-05  DFF_X1
dpath.b_reg.out[13]$_DFFE_PP_    0.01014    0.001155     0.01138    7.87e-05  DFF_X1
dpath.a_reg.out[5]$_DFFE_PP_      0.0101    0.001163     0.01134   7.849e-05  DFF_X1
dpath.b_reg.out[10]$_DFFE_PP_    0.01014    0.001103     0.01132    7.87e-05  DFF_X1
dpath.a_reg.out[3]$_DFFE_PP_      0.0101    0.001076     0.01125   7.849e-05  DFF_X1
dpath.b_reg.out[6]$_DFFE_PP_     0.01014   0.0009639     0.01118    7.87e-05  DFF_X1
dpath.b_reg.out[4]$_DFFE_PP_     0.01014   0.0009541     0.01117    7.87e-05  DFF_X1
dpath.a_reg.out[6]$_DFFE_PP_      0.0101   0.0009845     0.01116   7.849e-05  DFF_X1
dpath.a_reg.out[2]$_DFFE_PP_     0.01009   0.0008971     0.01107   7.849e-05  DFF_X1
dpath.a_reg.out[11]$_DFFE_PP_    0.01008   0.0008707     0.01103   7.849e-05  DFF_X1
dpath.b_reg.out[3]$_DFFE_PP_     0.01013   0.0007296     0.01094    7.87e-05  DFF_X1
dpath.a_reg.out[8]$_DFFE_PP_     0.01009   0.0007549     0.01092   7.849e-05  DFF_X1
dpath.a_reg.out[14]$_DFFE_PP_    0.01007   0.0007609     0.01091   7.849e-05  DFF_X1
dpath.a_reg.out[4]$_DFFE_PP_     0.01008   0.0006881     0.01085   7.849e-05  DFF_X1
dpath.a_reg.out[9]$_DFFE_PP_     0.01007   0.0006802     0.01083   7.849e-05  DFF_X1
dpath.a_reg.out[13]$_DFFE_PP_    0.01007   0.0006442     0.01079   7.849e-05  DFF_X1
dpath.b_reg.out[0]$_DFFE_PP_     0.01014   0.0005485     0.01077   7.885e-05  DFF_X1
dpath.b_reg.out[9]$_DFFE_PP_     0.01012   0.0005403     0.01074    7.87e-05  DFF_X1
dpath.a_reg.out[7]$_DFFE_PP_     0.01008   0.0005739     0.01073   7.849e-05  DFF_X1
dpath.b_reg.out[5]$_DFFE_PP_     0.01012   0.0004885     0.01068    7.87e-05  DFF_X1
dpath.b_reg.out[2]$_DFFE_PP_     0.01012   0.0004852     0.01068    7.87e-05  DFF_X1
dpath.a_reg.out[10]$_DFFE_PP_    0.01006   0.0005363     0.01068   7.849e-05  DFF_X1
ctrl.state.out[1]$_DFF_P_       0.009967   0.0004107     0.01046    7.79e-05  DFF_X1
clkload2                        0.007832           0    0.007861   2.871e-05  INV_X2
place60                         0.002963    0.004635    0.007682   8.369e-05  BUF_X4
clkload1                        0.007662           0    0.007673   1.121e-05  CLKBUF_X1
_759_                            0.00162    0.005459    0.007134   5.488e-05  INV_X4
_808_                           0.002126    0.004839    0.007057   9.145e-05  AND2_X4
place68                         0.001079     0.00593    0.007052   4.306e-05  BUF_X2
_856_                           0.002507    0.003766    0.006357   8.517e-05  NAND4_X4
_527_                           0.002505    0.003424    0.006023   9.461e-05  NAND2_X4
_707_                           0.003289    0.002387    0.005765   8.942e-05  AOI21_X4
rebuffer152                     0.003737    0.001806    0.005629   8.732e-05  BUF_X4
_806_                           0.002061    0.003301    0.005489   0.0001273  NAND2_X4
_526_                           0.003269     0.00198    0.005338   9.007e-05  AOI21_X4
_811_                          0.0005966    0.004646    0.005285    4.24e-05  NOR2_X2
_708_                           0.002496    0.002671    0.005262    9.45e-05  NAND2_X4
_593_                           0.003582    0.001574    0.005247   8.997e-05  AOI21_X4
_494_                           0.002902    0.002105    0.005121   0.0001131  AOI21_X4
_761_                           0.001793    0.003211    0.005079   7.514e-05  NAND2_X4
_616_                           0.001969    0.002958    0.005048   0.0001208  NAND2_X4
_760_                           0.002899    0.002054    0.005043   8.993e-05  NAND3_X4
_551_                           0.001625    0.003295    0.004998   7.819e-05  NAND2_X4
_622_                           0.001627    0.003233    0.004943   8.268e-05  NOR2_X4
_697_                           0.002986    0.001859     0.00492   7.483e-05  XNOR2_X2
_577_                           0.001617    0.003176    0.004871   7.819e-05  NAND2_X4
_680_                           0.001924    0.002775    0.004789   9.045e-05  NAND2_X4
place63                         0.001181    0.003464     0.00469   4.519e-05  BUF_X2
_594_                             0.0026    0.001873    0.004565   9.168e-05  NAND2_X4
_648_                            0.00301    0.001413    0.004542   0.0001194  OAI21_X4
_595_                           0.001641    0.002767    0.004463   5.556e-05  INV_X4
place67                        0.0005563    0.003878    0.004456   2.144e-05  BUF_X1
_562_                            0.00143    0.002885    0.004421   0.0001062  NAND2_X4
_657_                           0.001824    0.002419    0.004343   0.0001001  NAND2_X4
_510_                           0.001431    0.002729    0.004267   0.0001062  NAND2_X4
_515_                           0.001431    0.002704    0.004241   0.0001062  NAND2_X4
_499_                           0.001429    0.002633    0.004168   0.0001062  NAND2_X4
_618_                           0.001612    0.002475    0.004165   7.819e-05  NAND2_X4
_532_                           0.001433    0.002625    0.004164   0.0001062  NAND2_X4
_575_                           0.001431    0.002606    0.004143   0.0001062  NAND2_X4
_537_                           0.001429    0.002599    0.004134   0.0001062  NAND2_X4
_557_                           0.001426    0.002563    0.004095   0.0001062  NAND2_X4
place64                         0.001076    0.002939     0.00406   4.519e-05  BUF_X2
clkload0                        0.004016           0     0.00403   1.435e-05  INV_X1
_504_                           0.001425    0.002471    0.004003   0.0001062  NAND2_X4
rebuffer130                     0.002534    0.001372     0.00399    8.32e-05  BUF_X4
place65                        0.0005488    0.003413    0.003984   2.252e-05  BUF_X1
_544_                           0.001461    0.002431    0.003971   7.911e-05  NOR2_X4
_712_                           0.002674    0.001145    0.003919   9.982e-05  NAND2_X4
rebuffer132                     0.002578      0.0012    0.003867   8.924e-05  BUF_X4
_804_                          0.0006479    0.003111    0.003791   3.234e-05  INV_X2
_596_                           0.002729     0.00094    0.003759   8.969e-05  NAND2_X4
_693_                           0.001417    0.002291    0.003758   4.976e-05  NAND2_X2
_505_                           0.001614     0.00205    0.003747   8.268e-05  NOR2_X4
_569_                           0.001425    0.002214    0.003745   0.0001062  NAND2_X4
_608_                            0.00201    0.001599    0.003724   0.0001152  OAI21_X4
_564_                           0.001099    0.002507    0.003657   5.117e-05  INV_X4
_619_                          0.0008514    0.002714    0.003605   3.909e-05  NAND2_X2
_603_                           0.001613    0.001885     0.00358   8.268e-05  NOR2_X4
_563_                           0.001612    0.001873    0.003568   8.268e-05  NOR2_X4
_718_                           0.001202    0.002283    0.003522   3.726e-05  XNOR2_X1
_549_                           0.001413    0.001894    0.003414   0.0001062  NAND2_X4
_703_                           0.001412    0.001872    0.003334   4.976e-05  NAND2_X2
_598_                           0.001558    0.001644    0.003275    7.31e-05  XNOR2_X2
rebuffer69                       0.00188    0.001295    0.003261   8.612e-05  BUF_X4
_711_                           0.001636    0.001571    0.003256   4.928e-05  NAND3_X2
rebuffer82                      0.001872    0.001297    0.003255   8.612e-05  BUF_X4
rebuffer99                      0.001177    0.002034    0.003233    2.17e-05  BUF_X1
rebuffer94                       0.00117    0.001951    0.003143   2.166e-05  BUF_X1
_758_                           0.001335     0.00173    0.003111   4.708e-05  NAND2_X2
rebuffer135                     0.001169    0.001905    0.003095   2.166e-05  BUF_X1
_516_                           0.001608    0.001373    0.003063   8.268e-05  NOR2_X4
_524_                           0.002017   0.0008555    0.002988   0.0001152  OAI21_X4
_541_                            0.00117    0.001733    0.002987    8.48e-05  NOR2_X4
rebuffer140                     0.001845    0.001018    0.002949   8.612e-05  BUF_X4
_550_                          0.0009759      0.0019    0.002931   5.529e-05  INV_X4
rebuffer86                      0.001844   0.0009997     0.00293   8.612e-05  BUF_X4
_586_                           0.001478    0.001387    0.002925    5.97e-05  OAI21_X2
_621_                           0.001607    0.001232    0.002922   8.268e-05  NOR2_X4
_512_                           0.001137    0.001686    0.002893   6.957e-05  NAND2_X4
_509_                           0.001136     0.00167    0.002876   6.957e-05  NAND2_X4
_716_                           0.001414    0.001399    0.002863   4.985e-05  NAND2_X2
rebuffer172                     0.002001   0.0008075    0.002852   4.368e-05  BUF_X2
_653_                           0.001158    0.001628    0.002834   4.745e-05  NAND2_X2
_496_                           0.001139    0.001622     0.00283   6.957e-05  NAND2_X4
_614_                           0.001607    0.001134    0.002824   8.268e-05  NOR2_X4
_632_                          0.0007876    0.001945    0.002779   4.721e-05  NAND2_X2
rebuffer75                      0.001838   0.0008525    0.002776   8.612e-05  BUF_X4
_487_                           0.000829    0.001887    0.002765    4.84e-05  NAND2_X2
_709_                           0.001553    0.001145    0.002759   6.114e-05  NAND2_X4
_642_                            0.00124    0.001464    0.002751   4.744e-05  NAND2_X2
_676_                           0.001829     0.00082    0.002743   9.421e-05  AND2_X4
_538_                           0.001605    0.001044    0.002732   8.268e-05  NOR2_X4
_878_                            0.00203   0.0005413     0.00273   0.0001587  OAI21_X4
_717_                           0.001431    0.001261    0.002729   3.708e-05  XNOR2_X1
_574_                           0.001139    0.001475    0.002683   6.957e-05  NAND2_X4
_585_                          0.0007867    0.001827    0.002661   4.721e-05  NAND2_X2
_654_                           0.001405    0.001187    0.002647   5.475e-05  INV_X4
_572_                           0.001153    0.001419    0.002641   6.957e-05  NAND2_X4
_543_                           0.001169    0.001384    0.002637    8.48e-05  NOR2_X4
rebuffer89                      0.001797   0.0007909    0.002632   4.348e-05  BUF_X2
_570_                          0.0009745    0.001586    0.002616   5.529e-05  INV_X4
_517_                           0.001805   0.0007107     0.00261   9.421e-05  AND2_X4
_554_                           0.001134    0.001394    0.002598   6.957e-05  NAND2_X4
_647_                           0.001319    0.001219    0.002594    5.55e-05  NAND2_X2
_559_                           0.001134    0.001375    0.002578   6.957e-05  NAND2_X4
_633_                           0.001511    0.001007    0.002578    5.97e-05  OAI21_X2
_696_                           0.001295    0.001183    0.002525   4.736e-05  NAND2_X2
_568_                           0.001132    0.001322    0.002523   6.957e-05  NAND2_X4
_720_                           0.001378    0.001102    0.002516   3.676e-05  XNOR2_X1
_630_                          0.0005583    0.001932    0.002516   2.558e-05  INV_X2
_675_                           0.001163    0.001301    0.002511   4.745e-05  NAND2_X2
_602_                           0.001322    0.001122    0.002496   5.203e-05  NAND2_X2
_687_                           0.001267    0.001155    0.002478   5.549e-05  NAND2_X2
_534_                           0.001129    0.001278    0.002476   6.957e-05  NAND2_X4
_601_                           0.001555   0.0008466    0.002444   4.194e-05  NAND3_X2
_483_                           0.001552    0.000812    0.002437    7.31e-05  XNOR2_X2
rebuffer92                      0.001614   0.0007207    0.002427   9.292e-05  BUF_X4
_523_                          0.0005954    0.001781    0.002418    4.24e-05  NOR2_X2
_576_                          0.0009785    0.001384    0.002418   5.529e-05  INV_X4
_613_                          0.0007457    0.001601      0.0024   5.312e-05  NAND2_X2
_641_                           0.001542   0.0007973    0.002384   4.471e-05  AOI21_X2
rebuffer149                     0.001239    0.001101    0.002382    4.16e-05  BUF_X2
_493_                          0.0004988    0.001854    0.002381   2.764e-05  INV_X2
_529_                           0.001126    0.001179    0.002374   6.957e-05  NAND2_X4
_485_                           0.001203    0.001079    0.002367    8.48e-05  NOR2_X4
_501_                          0.0005998     0.00172    0.002354   3.479e-05  NAND2_X2
_646_                           0.001455   0.0008333    0.002347   5.833e-05  NAND3_X2
rebuffer97                      0.001696   0.0006032    0.002342   4.318e-05  BUF_X2
_612_                           0.001006    0.001277     0.00234   5.761e-05  OAI21_X2
rebuffer100                     0.001177    0.001099    0.002298   2.166e-05  BUF_X1
_681_                           0.000671    0.001584    0.002284   2.905e-05  INV_X2
output51                          0.0021    0.000134    0.002277    4.35e-05  BUF_X2
rebuffer98                     0.0006676    0.001574    0.002263   2.171e-05  BUF_X1
_719_                           0.001296   0.0009265    0.002259   3.644e-05  XNOR2_X1
_503_                           0.001123    0.001062    0.002255   6.957e-05  NAND2_X4
_728_                          0.0004085     0.00183    0.002253   1.435e-05  INV_X1
_656_                           0.001084    0.001119    0.002235    3.14e-05  NAND3_X2
_592_                          0.0004973      0.0017    0.002229   3.163e-05  INV_X2
_583_                           0.001007    0.001163    0.002227   5.761e-05  OAI21_X2
_511_                          0.0003981    0.001796    0.002223   2.871e-05  INV_X2
output43                        0.002002   0.0001298    0.002176   4.359e-05  BUF_X2
_605_                           0.001145   0.0009604    0.002165   5.968e-05  OAI21_X2
_588_                          0.0006938    0.001415     0.00214   3.122e-05  OAI21_X1
rebuffer143                    0.0007417     0.00136    0.002124   2.223e-05  BUF_X1
_553_                          0.0008362    0.001226     0.00212   5.741e-05  INV_X4
rebuffer85                      0.001001    0.001063    0.002108   4.306e-05  BUF_X2
_665_                           0.001332    0.000712    0.002094   4.978e-05  NAND2_X2
_610_                          0.0006229    0.001439    0.002089   2.719e-05  INV_X2
input16                         0.001042    0.001001    0.002064   2.144e-05  BUF_X1
_668_                           0.001029    0.000932    0.002055   9.368e-05  NOR2_X4
rebuffer79                     0.0009974   0.0009792     0.00202   4.306e-05  BUF_X2
input34                         0.001038     0.00096     0.00202   2.144e-05  BUF_X1
_643_                           0.001312   0.0006673    0.002017   3.829e-05  OAI21_X2
place66                        0.0005362    0.001454    0.002011   2.144e-05  BUF_X1
_508_                          0.0003988     0.00158    0.002008   2.871e-05  INV_X2
_667_                           0.001487   0.0004516    0.001998    5.97e-05  OAI21_X2
_561_                           0.000599    0.001364    0.001998   3.479e-05  NAND2_X2
_558_                          0.0008393    0.001081    0.001978   5.741e-05  INV_X4
_721_                           0.001028   0.0009062    0.001969   3.505e-05  XNOR2_X1
_556_                          0.0005984    0.001327     0.00196   3.479e-05  NAND2_X2
rebuffer71                     0.0009927   0.0009165    0.001952   4.306e-05  BUF_X2
_751_                          0.0002062     0.00173     0.00195   1.435e-05  INV_X1
_539_                          0.0005585     0.00136    0.001944   2.558e-05  INV_X2
_498_                          0.0005963    0.001312    0.001943   3.479e-05  NAND2_X2
_484_                          0.0002042    0.001716    0.001934   1.435e-05  INV_X1
_617_                          0.0005015    0.001403    0.001932   2.764e-05  INV_X2
_649_                           0.001018    0.000816    0.001927   9.368e-05  NOR2_X4
_801_                           0.001371   0.0005156    0.001922   3.593e-05  MUX2_X1
_491_                           0.000596    0.001291    0.001922   3.479e-05  NAND2_X2
_548_                          0.0005973    0.001284    0.001916   3.479e-05  NAND2_X2
rebuffer129                    0.0009912   0.0008815    0.001916   4.306e-05  BUF_X2
_552_                           0.001019    0.000791    0.001904   9.368e-05  NOR2_X4
_520_                          0.0007801    0.001064    0.001891   4.721e-05  NAND2_X2
_480_                           0.000599    0.001257    0.001891   3.479e-05  NAND2_X2
rebuffer139                    0.0009889   0.0008558    0.001888   4.306e-05  BUF_X2
input17                         0.001027   0.0008389    0.001888   2.144e-05  BUF_X1
_609_                          0.0009514   0.0008844    0.001886   5.057e-05  NAND2_X2
rebuffer153                     0.001157   0.0007012     0.00188   2.166e-05  BUF_X1
rebuffer72                     0.0009961    0.000839    0.001878   4.306e-05  BUF_X2
_798_                           0.001368   0.0004743    0.001878   3.593e-05  MUX2_X1
_868_                           0.001366   0.0004609    0.001863   3.593e-05  MUX2_X1
_578_                           0.001017   0.0007474    0.001858   9.368e-05  NOR2_X4
_836_                          0.0009913   0.0007088    0.001837   0.0001371  NAND2_X4
_702_                          0.0007862    0.001017    0.001828   2.469e-05  NAND3_X1
_829_                          0.0009833   0.0006956    0.001816   0.0001371  NAND2_X4
_629_                          0.0007781   0.0009903    0.001816   4.721e-05  NAND2_X2
_822_                          0.0009858   0.0006923    0.001815   0.0001371  NAND2_X4
_931_                          0.0009867   0.0006904    0.001814   0.0001372  NAND2_X4
_662_                          0.0009662   0.0007834    0.001813    6.37e-05  NAND2_X2
_488_                           0.000407    0.001373    0.001808   2.871e-05  INV_X2
_826_                           0.001308   0.0004256    0.001785   5.116e-05  NAND2_X2
_506_                          0.0004024     0.00135    0.001781   2.871e-05  INV_X2
_566_                          0.0005987    0.001148    0.001781   3.479e-05  NAND2_X2
_877_                           0.001161   0.0005785     0.00178   4.005e-05  NAND3_X4
_715_                          0.0007778   0.0009744    0.001776   2.407e-05  NAND3_X1
_655_                          0.0009288   0.0008032    0.001772       4e-05  NAND2_X2
_787_                          0.0008227   0.0009177    0.001771   3.072e-05  OAI21_X1
rebuffer70                     0.0009814   0.0007429    0.001767   4.306e-05  BUF_X2
_638_                          0.0009914   0.0007166    0.001766   5.761e-05  OAI21_X2
input15                         0.001017   0.0007232    0.001761   2.144e-05  BUF_X1
_818_                          0.0007914   0.0009438    0.001761   2.571e-05  AOI21_X1
_783_                          0.0008222   0.0009073     0.00176   3.072e-05  OAI21_X1
_819_                           0.001312   0.0003962    0.001759   5.116e-05  NAND2_X2
_847_                           0.001313   0.0003903    0.001755   5.113e-05  NAND2_X2
rebuffer87                     0.0009802   0.0007215    0.001745   4.306e-05  BUF_X2
_833_                           0.001305   0.0003812    0.001738   5.116e-05  NAND2_X2
_620_                           0.001022   0.0006193    0.001735   9.368e-05  NOR2_X4
_747_                          0.0007908   0.0009058    0.001732    3.56e-05  NAND2_X2
_546_                          0.0005991    0.001094    0.001728   3.479e-05  NAND2_X2
_525_                           0.000497    0.001193    0.001722   3.163e-05  INV_X2
_839_                          0.0007911   0.0009027    0.001719   2.571e-05  AOI21_X1
_645_                          0.0005015    0.001186    0.001716   2.764e-05  INV_X2
_825_                           0.000791   0.0008914    0.001708   2.571e-05  AOI21_X1
_840_                           0.001306   0.0003484    0.001706   5.116e-05  NAND2_X2
input18                         0.001012   0.0006718    0.001706   2.144e-05  BUF_X1
_536_                          0.0005961    0.001072    0.001703   3.479e-05  NAND2_X2
rebuffer83                     0.0009774   0.0006791    0.001699   4.306e-05  BUF_X2
_746_                           0.001225   0.0004353    0.001696   3.566e-05  OAI22_X1
_846_                          0.0007912   0.0008728     0.00169   2.571e-05  AOI21_X1
_692_                          0.0007825   0.0008808    0.001688   2.469e-05  NAND3_X1
_832_                          0.0007913   0.0008699    0.001687   2.571e-05  AOI21_X1
input31                         0.001011    0.000654    0.001686   2.144e-05  BUF_X1
_565_                          0.0004059    0.001238    0.001673   2.871e-05  INV_X2
_591_                          0.0009946   0.0006196    0.001672   5.761e-05  OAI21_X2
rebuffer88                     0.0009754   0.0006503    0.001669   4.306e-05  BUF_X2
_722_                          0.0008668   0.0007623    0.001666    3.72e-05  XNOR2_X1
_678_                          0.0004202    0.001229    0.001662   1.314e-05  NAND2_X1
_652_                          0.0008505   0.0007704     0.00166   3.961e-05  NOR2_X2
_600_                          0.0009218   0.0006968    0.001653   3.411e-05  NAND2_X2
_571_                          0.0002045     0.00143    0.001649   1.435e-05  INV_X1
_788_                           0.001128   0.0004842    0.001645   3.303e-05  NAND2_X2
_784_                           0.001128   0.0004807    0.001642   3.303e-05  NAND2_X2
_686_                          0.0009463   0.0006409    0.001626   3.915e-05  OAI21_X2
_502_                          0.0004075    0.001189    0.001625   2.871e-05  INV_X2
rebuffer144                     0.001086   0.0005131    0.001621    2.17e-05  BUF_X1
_624_                          0.0006966   0.0008508    0.001618   7.101e-05  INV_X4
_789_                           0.001055   0.0005297    0.001615   3.022e-05  OAI21_X1
input13                         0.001005   0.0005877    0.001614   2.144e-05  BUF_X1
_521_                          0.0002815    0.001301    0.001598   1.581e-05  INV_X1
_540_                          0.0004158    0.001137    0.001582   2.871e-05  INV_X2
input14                         0.001001   0.0005519    0.001575   2.144e-05  BUF_X1
_934_                          0.0007715   0.0007746    0.001572   2.571e-05  AOI21_X1
_924_                           0.001052   0.0004887    0.001571   3.022e-05  OAI21_X1
_528_                          0.0004123    0.001123    0.001564   2.871e-05  INV_X2
_793_                           0.001051   0.0004802    0.001562   3.022e-05  OAI21_X1
_542_                           0.000415    0.001117     0.00156   2.871e-05  INV_X2
rebuffer120                    0.0008827   0.0006502    0.001554     2.1e-05  BUF_X1
_935_                           0.001094   0.0003957    0.001554   6.421e-05  NAND2_X2
_545_                          0.0004097    0.001114    0.001552   2.871e-05  INV_X2
_780_                            0.00105   0.0004713    0.001552   3.022e-05  OAI21_X1
_870_                           0.001101   0.0004202     0.00155   2.888e-05  OAI21_X1
input32                        0.0009994   0.0005285    0.001549   2.144e-05  BUF_X1
_533_                          0.0004083    0.001111    0.001548   2.871e-05  INV_X2
_803_                           0.001105   0.0004044    0.001538   2.888e-05  OAI21_X1
input30                        0.0009984   0.0005174    0.001537   2.144e-05  BUF_X1
_704_                           0.000665   0.0008113    0.001537   6.099e-05  NAND2_X4
_916_                            0.00105   0.0004543    0.001534   3.022e-05  OAI21_X1
_800_                           0.001101   0.0004011    0.001531   2.888e-05  OAI21_X1
_664_                          0.0006765   0.0008255    0.001531   2.917e-05  NAND3_X1
input20                        0.0009977   0.0005099    0.001529   2.144e-05  BUF_X1
input27                        0.0009973   0.0005059    0.001525   2.144e-05  BUF_X1
_791_                          0.0008203   0.0006693     0.00152   3.072e-05  OAI21_X1
_699_                          0.0003562    0.001148    0.001518   1.349e-05  INV_X1
input29                        0.0009968   0.0004995    0.001518   2.144e-05  BUF_X1
rebuffer78                     0.0005319   0.0009649    0.001517   2.036e-05  BUF_X1
rebuffer77                     0.0009688   0.0005042    0.001516   4.306e-05  BUF_X2
_920_                           0.001049   0.0004339    0.001513   3.022e-05  OAI21_X1
input22                        0.0009959   0.0004943    0.001512   2.144e-05  BUF_X1
input2                          0.000995   0.0004889    0.001505   2.144e-05  BUF_X1
_776_                           0.001049    0.000424    0.001504   3.022e-05  OAI21_X1
input35                        0.0009941   0.0004831    0.001499   2.144e-05  BUF_X1
_939_                           0.001048   0.0004186    0.001497   3.022e-05  OAI21_X1
_735_                          0.0009935   0.0004709    0.001495   3.036e-05  NAND3_X1
_772_                           0.001049   0.0004134    0.001493   3.022e-05  OAI21_X1
input23                        0.0009929   0.0004761     0.00149   2.144e-05  BUF_X1
input33                        0.0009927   0.0004753    0.001489   2.144e-05  BUF_X1
_768_                           0.001051   0.0004075    0.001489   3.022e-05  OAI21_X1
rebuffer84                         0.001   0.0004671    0.001489   2.175e-05  BUF_X1
input10                        0.0009923   0.0004726    0.001486   2.144e-05  BUF_X1
_567_                          0.0002047    0.001267    0.001486   1.435e-05  INV_X1
_514_                          0.0005962   0.0008544    0.001485   3.479e-05  NAND2_X2
input19                         0.000992   0.0004708    0.001484   2.144e-05  BUF_X1
_866_                           0.000779   0.0006784    0.001483   2.571e-05  AOI21_X1
_507_                          0.0005951   0.0008525    0.001482   3.479e-05  NAND2_X2
input25                        0.0009916   0.0004685    0.001482   2.144e-05  BUF_X1
input11                        0.0009916   0.0004683    0.001481   2.144e-05  BUF_X1
_757_                          0.0005946   0.0008663     0.00148    1.92e-05  NOR2_X1
input26                        0.0009909   0.0004643    0.001477   2.144e-05  BUF_X1
input8                         0.0009908   0.0004636    0.001476   2.144e-05  BUF_X1
input3                         0.0009907   0.0004633    0.001475   2.144e-05  BUF_X1
_797_                           0.001049   0.0003958    0.001475   3.022e-05  OAI21_X1
input6                         0.0009905   0.0004624    0.001474   2.144e-05  BUF_X1
_705_                          0.0002827    0.001176    0.001474   1.581e-05  INV_X1
output49                        0.001127   0.0003246    0.001473   2.141e-05  BUF_X1
input28                        0.0009902   0.0004605    0.001472   2.144e-05  BUF_X1
_785_                           0.001052   0.0003873    0.001469   3.022e-05  OAI21_X1
_928_                           0.001047   0.0003807    0.001458   3.022e-05  OAI21_X1
input24                        0.0009877   0.0004457    0.001455   2.144e-05  BUF_X1
input4                         0.0009877   0.0004457    0.001455   2.144e-05  BUF_X1
input21                        0.0009877   0.0004457    0.001455   2.144e-05  BUF_X1
input9                         0.0009877   0.0004457    0.001455   2.144e-05  BUF_X1
input5                         0.0009871   0.0004423    0.001451   2.144e-05  BUF_X1
_531_                          0.0005954   0.0008136    0.001444   3.479e-05  NAND2_X2
rebuffer137                    0.0008634   0.0005339    0.001444   4.646e-05  BUF_X2
_495_                          0.0004051    0.001003    0.001437   2.871e-05  INV_X2
_875_                          0.0007793    0.000631    0.001436   2.571e-05  AOI21_X1
_821_                          0.0007354   0.0006355    0.001426   5.477e-05  NAND2_X4
_774_                           0.000818   0.0005741    0.001423   3.072e-05  OAI21_X1
_914_                           0.000833    0.000559    0.001423   3.072e-05  OAI21_X1
_860_                          0.0007789   0.0006156     0.00142   2.571e-05  AOI21_X1
_723_                          0.0007964   0.0005857    0.001418   3.644e-05  XNOR2_X1
_918_                           0.000833    0.000546     0.00141   3.072e-05  OAI21_X1
_765_                          0.0008177   0.0005581    0.001407   3.072e-05  OAI21_X1
input1                         0.0009789   0.0003936    0.001394   2.144e-05  BUF_X1
_623_                          0.0005301   0.0008359    0.001389    2.32e-05  NAND2_X2
_814_                          0.0003004    0.001066    0.001387    2.12e-05  NOR2_X1
_881_                          0.0007792   0.0005744    0.001379   2.571e-05  AOI21_X1
rebuffer127                    0.0005262   0.0008279    0.001376   2.144e-05  BUF_X1
_663_                          0.0007687    0.000576    0.001375   3.051e-05  NAND2_X2
_835_                          0.0007524   0.0005663    0.001373   5.478e-05  NAND2_X4
rebuffer81                     0.0005244   0.0008275    0.001373   2.144e-05  BUF_X1
_679_                          0.0002552    0.001102    0.001371   1.342e-05  INV_X1
_695_                          0.0003555    0.001001     0.00137   1.349e-05  INV_X1
_930_                          0.0007272   0.0005817    0.001363   5.376e-05  NAND2_X4
_706_                          0.0002553    0.001087    0.001358   1.581e-05  INV_X1
_518_                          0.0006454   0.0006506    0.001354   5.794e-05  NAND2_X4
_522_                          0.0003999   0.0009177    0.001351   3.296e-05  INV_X2
_828_                          0.0007378   0.0005563    0.001349   5.477e-05  NAND2_X4
_573_                          0.0002051    0.001113    0.001332   1.435e-05  INV_X1
_489_                          0.0005988   0.0006945    0.001328   3.479e-05  NAND2_X2
_937_                          0.0008254   0.0004704    0.001327   3.072e-05  OAI21_X1
_778_                          0.0008167    0.000475    0.001322   3.072e-05  OAI21_X1
rebuffer131                    0.0006459    0.000648    0.001315   2.117e-05  BUF_X1
_519_                          0.0007335   0.0005212    0.001308   5.312e-05  NAND2_X2
_673_                          0.0004779   0.0008037    0.001307   2.545e-05  NAND2_X1
_770_                          0.0008162   0.0004541    0.001301   3.072e-05  OAI21_X1
_922_                           0.000832   0.0004338    0.001297   3.072e-05  OAI21_X1
_926_                          0.0008229   0.0004409    0.001295   3.072e-05  OAI21_X1
input12                        0.0009644   0.0003083    0.001294   2.144e-05  BUF_X1
_713_                          0.0004084   0.0008696    0.001293   1.527e-05  NAND2_X1
_853_                          0.0007776   0.0004797    0.001283   2.571e-05  AOI21_X1
_795_                          0.0008165   0.0004325     0.00128   3.072e-05  OAI21_X1
_581_                          0.0002056    0.001057    0.001279   1.648e-05  INV_X1
input7                         0.0009617    0.000292    0.001275   2.144e-05  BUF_X1
_882_                          0.0006607   0.0005887    0.001275   2.557e-05  NAND2_X1
output50                        0.001086   0.0001633    0.001271   2.166e-05  BUF_X1
_887_                           0.000778   0.0004623    0.001266   2.571e-05  AOI21_X1
_599_                           0.000257   0.0009883     0.00126   1.435e-05  INV_X1
_684_                          0.0005049    0.000735     0.00126   1.964e-05  NAND2_X1
_893_                          0.0007782   0.0004525    0.001256   2.571e-05  AOI21_X1
output42                        0.001073   0.0001599    0.001254   2.166e-05  BUF_X1
_689_                          0.0003488   0.0008917    0.001254   1.349e-05  INV_X1
_615_                          0.0006194   0.0006094    0.001251   2.166e-05  NAND3_X2
output38                        0.001172    5.68e-05     0.00125    2.14e-05  BUF_X1
_766_                          0.0005652   0.0006662    0.001248   1.652e-05  NAND2_X1
rebuffer148                    0.0006369   0.0005824    0.001241   2.171e-05  BUF_X1
_905_                          0.0007668   0.0004394    0.001232   2.571e-05  AOI21_X1
rebuffer134                    0.0005203   0.0006854    0.001227   2.144e-05  BUF_X1
_899_                          0.0007666   0.0004332    0.001225   2.571e-05  AOI21_X1
_867_                          0.0006607   0.0005388    0.001225   2.558e-05  NAND2_X1
_911_                          0.0007665   0.0004305    0.001223   2.571e-05  AOI21_X1
_690_                          0.0006262   0.0005563    0.001206    2.37e-05  NAND2_X1
_636_                          0.0005064   0.0006706    0.001206   2.881e-05  OAI21_X1
_644_                          0.0003946   0.0007962    0.001204   1.369e-05  INV_X1
rebuffer95                     0.0006345   0.0005469    0.001203   2.171e-05  BUF_X1
_659_                          0.0003552   0.0008068    0.001198   3.551e-05  INV_X2
_732_                          0.0004737   0.0007027    0.001194   1.739e-05  NAND2_X1
output52                        0.001069    9.28e-05    0.001184   2.166e-05  BUF_X1
_802_                           0.000615    0.000544    0.001177   1.832e-05  NAND2_X1
_919_                           0.000563   0.0005947    0.001174   1.652e-05  NAND2_X1
_607_                          0.0002063   0.0009436    0.001166   1.648e-05  INV_X1
output48                       0.0009604   0.0001824    0.001164    2.14e-05  BUF_X1
rebuffer128                    0.0006312   0.0005054    0.001158   2.171e-05  BUF_X1
_792_                          0.0005623   0.0005742    0.001153   1.652e-05  NAND2_X1
_779_                          0.0005634   0.0005724    0.001152   1.652e-05  NAND2_X1
output47                       0.0009809   0.0001476     0.00115   2.145e-05  BUF_X1
_590_                          0.0002052    0.000927    0.001149   1.648e-05  INV_X1
_490_                          0.0002046   0.0009294    0.001148   1.435e-05  INV_X1
_611_                           0.000597   0.0005088    0.001148    4.24e-05  NOR2_X2
_700_                          0.0006262   0.0004889    0.001139   2.369e-05  NAND2_X1
output39                        0.001062   5.086e-05    0.001135   2.166e-05  BUF_X1
_513_                          0.0004107   0.0006932    0.001133   2.871e-05  INV_X2
_674_                          0.0003177   0.0007965    0.001128   1.348e-05  INV_X1
output41                        0.001017   8.225e-05    0.001121   2.166e-05  BUF_X1
_876_                          0.0006596   0.0004271    0.001112   2.557e-05  NAND2_X1
_861_                          0.0006572   0.0004283    0.001111   2.558e-05  NAND2_X1
_869_                          0.0006134   0.0004776    0.001109   1.832e-05  NAND2_X1
output46                        0.001037   4.963e-05    0.001108   2.143e-05  BUF_X1
rebuffer96                     0.0006271   0.0004526    0.001101   2.144e-05  BUF_X1
_799_                          0.0006134    0.000468      0.0011   1.832e-05  NAND2_X1
_915_                          0.0005611   0.0005178    0.001095   1.652e-05  NAND2_X1
output40                        0.001017   5.188e-05     0.00109   2.166e-05  BUF_X1
_743_                          0.0004191   0.0006515    0.001088   1.739e-05  NAND2_X1
_854_                          0.0006386   0.0004233    0.001087   2.558e-05  NAND2_X1
_894_                          0.0006572   0.0004045    0.001087   2.557e-05  NAND2_X1
_938_                          0.0005613   0.0005091    0.001087   1.652e-05  NAND2_X1
_927_                          0.0005609    0.000485    0.001062   1.652e-05  NAND2_X1
_912_                           0.000653   0.0003827    0.001061   2.557e-05  NAND2_X1
_701_                          0.0004004   0.0006442     0.00106   1.525e-05  NAND2_X1
_481_                          0.0002051   0.0008308    0.001052   1.648e-05  INV_X1
_764_                          0.0004719    0.000561     0.00105   1.739e-05  NAND2_X1
_771_                           0.000561   0.0004705    0.001048   1.652e-05  NAND2_X1
_604_                            0.00058   0.0004239    0.001046    4.24e-05  NOR2_X2
_923_                          0.0005606   0.0004685    0.001046   1.652e-05  NAND2_X1
_736_                          0.0006306   0.0003951    0.001045   1.968e-05  NAND3_X1
rebuffer76                     0.0005192    0.000498    0.001039   2.144e-05  BUF_X1
_756_                          0.0006602   0.0003453    0.001037   3.168e-05  OAI21_X1
_658_                          0.0005237   0.0004878    0.001035    2.32e-05  NAND2_X2
_888_                           0.000655   0.0003488    0.001029   2.557e-05  NAND2_X1
_628_                          0.0003688    0.000631    0.001026   2.656e-05  NAND2_X1
_843_                          0.0005615   0.0003901    0.001021   6.912e-05  NAND2_X2
_906_                           0.000653   0.0003407    0.001019   2.557e-05  NAND2_X1
_807_                          0.0002992   0.0006964    0.001017    2.12e-05  NOR2_X1
_775_                          0.0005596    0.000436    0.001012   1.652e-05  NAND2_X1
_900_                          0.0006522   0.0003337    0.001011   2.557e-05  NAND2_X1
_584_                          0.0003687   0.0006148     0.00101   2.656e-05  NAND2_X1
_640_                          0.0002854   0.0007082    0.001009   1.591e-05  INV_X1
rebuffer126                    0.0006208   0.0003668    0.001009   2.171e-05  BUF_X1
_796_                            0.00056   0.0004301    0.001007   1.652e-05  NAND2_X1
_691_                          0.0003993   0.0005901    0.001005   1.525e-05  NAND2_X1
_555_                          0.0002044   0.0007792   0.0009979   1.435e-05  INV_X1
_631_                          0.0003683   0.0006003   0.0009951   2.656e-05  NAND2_X1
_606_                          0.0005438     0.00042   0.0009907   2.692e-05  NAND2_X2
_744_                          0.0006913   0.0002617   0.0009889     3.6e-05  OAI21_X1
_863_                          0.0005066   0.0004406   0.0009871   3.991e-05  OAI21_X1
_651_                          0.0005028   0.0004286    0.000978   4.664e-05  NOR2_X2
_547_                          0.0002046   0.0007505   0.0009695   1.435e-05  INV_X1
_773_                          0.0004868    0.000459   0.0009632   1.739e-05  NAND2_X1
_734_                          0.0006065   0.0003295    0.000955   1.901e-05  NAND3_X1
_535_                           0.000204   0.0007365   0.0009549   1.435e-05  INV_X1
_834_                           0.000259   0.0006735   0.0009498   1.733e-05  NAND3_X1
_710_                          0.0002567   0.0006723   0.0009429   1.382e-05  INV_X1
_530_                          0.0002041   0.0007207   0.0009392   1.435e-05  INV_X1
_782_                          0.0004867   0.0004317   0.0009359   1.739e-05  NAND2_X1
_492_                          0.0003651   0.0005416   0.0009332   2.656e-05  NAND2_X1
_857_                          0.0005064   0.0003848   0.0009311   3.991e-05  OAI21_X1
_748_                           0.000475   0.0004088   0.0009311   4.728e-05  NOR2_X2
_917_                          0.0005011   0.0004093   0.0009278   1.739e-05  NAND2_X1
_913_                           0.000501   0.0004087   0.0009271   1.739e-05  NAND2_X1
_769_                           0.000486   0.0004234   0.0009268   1.739e-05  NAND2_X1
_666_                          0.0002875   0.0006256   0.0009259   1.279e-05  INV_X1
_925_                          0.0005011   0.0004073   0.0009258   1.739e-05  NAND2_X1
_683_                          0.0004639   0.0004389   0.0009223   1.957e-05  NOR2_X1
_936_                           0.000501   0.0004024   0.0009208   1.739e-05  NAND2_X1
_872_                          0.0005276   0.0003532   0.0009205   3.969e-05  OAI21_X1
_497_                          0.0002048   0.0006979    0.000917   1.435e-05  INV_X1
_560_                          0.0002037   0.0006978   0.0009158   1.435e-05  INV_X1
_479_                          0.0002045   0.0006936   0.0009124   1.435e-05  INV_X1
rebuffer91                     0.0005036    0.000386   0.0009111   2.144e-05  BUF_X1
_777_                          0.0004864   0.0004046   0.0009084   1.739e-05  NAND2_X1
rebuffer74                     0.0005078   0.0003715   0.0009007   2.144e-05  BUF_X1
_790_                          0.0004861   0.0003844   0.0008879   1.739e-05  NAND2_X1
rebuffer93                     0.0005056   0.0003529     0.00088   2.144e-05  BUF_X1
_921_                          0.0005008   0.0003608    0.000879   1.739e-05  NAND2_X1
_820_                          0.0002578   0.0005963   0.0008715   1.733e-05  NAND3_X1
_884_                           0.000513    0.000315   0.0008677   3.972e-05  OAI21_X1
_890_                           0.000521   0.0003069   0.0008676   3.971e-05  OAI21_X1
_929_                          0.0002573   0.0005889   0.0008635   1.733e-05  NAND3_X1
_786_                           0.000486    0.000359   0.0008624   1.739e-05  NAND2_X1
_500_                          0.0002032    0.000643   0.0008605   1.435e-05  INV_X1
rebuffer80                      0.000512   0.0003221   0.0008555   2.144e-05  BUF_X1
_827_                          0.0002574   0.0005731   0.0008478   1.733e-05  NAND3_X1
_794_                          0.0004859   0.0003443   0.0008476   1.739e-05  NAND2_X1
_842_                          0.0004657    0.000366   0.0008451   1.342e-05  NAND2_X2
_726_                          0.0004661   0.0003465   0.0008391   2.648e-05  AND3_X1
_685_                          0.0002526   0.0005669   0.0008343   1.488e-05  INV_X1
_670_                          0.0004144    0.000399   0.0008341   2.067e-05  NOR2_X1
_639_                          0.0002522   0.0005627   0.0008307   1.581e-05  INV_X1
output44                       0.0007281   8.077e-05   0.0008303   2.144e-05  BUF_X1
_902_                          0.0004898   0.0002968   0.0008264   3.971e-05  OAI21_X1
_637_                          0.0002532    0.000557    0.000826   1.581e-05  INV_X1
rebuffer142                    0.0004963   0.0002947   0.0008113   2.036e-05  BUF_X1
_908_                          0.0004772   0.0002872   0.0008041   3.971e-05  OAI21_X1
_896_                           0.000482   0.0002743   0.0007961   3.979e-05  OAI21_X1
_724_                          0.0002036   0.0005717   0.0007896   1.435e-05  INV_X1
output45                       0.0007248   3.659e-05   0.0007829   2.153e-05  BUF_X1
rebuffer133                    0.0004938   0.0002631   0.0007782   2.144e-05  BUF_X1
_582_                          0.0002027   0.0005485   0.0007677   1.648e-05  INV_X1
_587_                          0.0002989   0.0004426   0.0007664   2.499e-05  NAND2_X2
rebuffer138                    0.0005003   0.0002378   0.0007595   2.144e-05  BUF_X1
_714_                          0.0002511   0.0004924   0.0007574   1.382e-05  INV_X1
rebuffer90                     0.0004916   0.0002423   0.0007554   2.144e-05  BUF_X1
rebuffer73                     0.0004953   0.0002287   0.0007454   2.144e-05  BUF_X1
_671_                          0.0002774   0.0004492   0.0007424   1.581e-05  INV_X1
rebuffer141                    0.0004887   0.0002233   0.0007324   2.036e-05  BUF_X1
_754_                          0.0002056   0.0005112   0.0007312   1.435e-05  INV_X1
_589_                          0.0002022   0.0004954   0.0007098   1.223e-05  INV_X1
_486_                           0.000203   0.0004861   0.0007013   1.223e-05  INV_X1
_688_                          0.0003586   0.0003248   0.0006961   1.276e-05  NAND2_X2
output37                       0.0005814   5.636e-05   0.0006592   2.144e-05  BUF_X1
_880_                          0.0004064    0.000223   0.0006547   2.533e-05  AND2_X1
_824_                          0.0004062    0.000222   0.0006535   2.533e-05  AND2_X1
_852_                          0.0004121   0.0002112   0.0006486   2.533e-05  AND2_X1
_694_                          0.0003631   0.0002653   0.0006412   1.284e-05  NAND2_X2
_841_                          0.0002563    0.000362   0.0006357   1.733e-05  NAND3_X1
_910_                          0.0004049    0.000202   0.0006322   2.533e-05  AND2_X1
_874_                          0.0004039   0.0001987   0.0006279   2.533e-05  AND2_X1
_859_                          0.0004105   0.0001888   0.0006246   2.533e-05  AND2_X1
_849_                          0.0003961   0.0001998   0.0006232   2.739e-05  NAND2_X2
_865_                          0.0004098   0.0001853   0.0006204   2.533e-05  AND2_X1
_845_                           0.000403    0.000186   0.0006143   2.533e-05  AND2_X1
_892_                          0.0004025   0.0001847   0.0006126   2.533e-05  AND2_X1
_898_                          0.0004021   0.0001831   0.0006105   2.533e-05  AND2_X1
_838_                          0.0004018   0.0001819   0.0006091   2.533e-05  AND2_X1
_650_                          0.0003227   0.0002717   0.0006071   1.265e-05  NAND2_X2
_809_                          0.0004136   0.0001787   0.0006055    1.32e-05  NAND2_X2
_932_                          0.0003894    0.000178   0.0006042   3.688e-05  NAND2_X4
_933_                          0.0004014    0.000176   0.0006027   2.533e-05  AND2_X1
_660_                          0.0003634   0.0001514   0.0006004   8.567e-05  AND2_X4
_831_                          0.0004014   0.0001733      0.0006   2.533e-05  AND2_X1
_904_                          0.0004009   0.0001733   0.0005996   2.533e-05  AND2_X1
_625_                          0.0003636   0.0001502   0.0005995   8.567e-05  AND2_X4
_816_                          0.0004009   0.0001721   0.0005983   2.533e-05  AND2_X1
_886_                          0.0004005   0.0001704   0.0005962   2.533e-05  AND2_X1
_579_                          0.0003617   0.0001442   0.0005915   8.567e-05  AND2_X4
_823_                          0.0003911   0.0001431   0.0005711    3.69e-05  NAND2_X4
_837_                          0.0003912   0.0001387   0.0005668    3.69e-05  NAND2_X4
_830_                          0.0003909   0.0001377   0.0005655    3.69e-05  NAND2_X4
_755_                          0.0002909   0.0002386   0.0005469   1.739e-05  NAND2_X1
output36                       0.0004897   3.337e-05   0.0005445   2.144e-05  BUF_X1
_672_                          0.0002588   0.0002539   0.0005246   1.189e-05  NAND2_X1
_810_                          0.0002515   0.0002369   0.0005232   3.477e-05  NAND2_X1
_871_                          0.0002889   0.0002082   0.0005077   1.059e-05  NAND3_X1
_740_                          0.0002546   0.0002343    0.000507   1.813e-05  NAND4_X1
_850_                          0.0002507   0.0002183   0.0005037   3.477e-05  NAND2_X1
_698_                          0.0001691   0.0003281   0.0005036   6.386e-06  NAND2_X1
_862_                           0.000268   0.0002185   0.0004967   1.012e-05  NAND3_X1
_727_                          0.0001793   0.0002917    0.000486   1.495e-05  NAND2_X1
_635_                          0.0002011   0.0002664    0.000484   1.648e-05  INV_X1
_889_                          0.0002822   0.0001636   0.0004564   1.055e-05  NAND3_X1
_738_                           0.000244   0.0001796   0.0004562    3.26e-05  NOR4_X1
_883_                          0.0002745   0.0001592   0.0004441   1.052e-05  NAND3_X1
_753_                          0.0002356   0.0001847   0.0004439   2.353e-05  NOR2_X1
_901_                          0.0002535   0.0001786   0.0004427   1.054e-05  NAND3_X1
_805_                          0.0002537    0.000167    0.000438   1.733e-05  NAND3_X1
_855_                           0.000267   0.0001569   0.0004339   9.964e-06  NAND3_X1
_737_                           0.000244    0.000151   0.0004276    3.26e-05  NOR4_X1
_669_                          0.0001615    0.000259   0.0004269   6.326e-06  NAND2_X1
_848_                          0.0002532   0.0001544   0.0004249   1.733e-05  NAND3_X1
_895_                          0.0002452   0.0001539   0.0004095   1.036e-05  NAND3_X1
_739_                           0.000253   0.0001375   0.0004087   1.813e-05  NAND4_X1
_879_                           0.000249   0.0001407   0.0004082   1.849e-05  NAND2_X2
_907_                          0.0002404   0.0001546   0.0004055   1.054e-05  NAND3_X1
output53                       0.0003461   2.297e-05   0.0003922   2.305e-05  BUF_X1
_844_                          0.0002209   0.0001489   0.0003883   1.849e-05  NAND2_X2
_634_                          0.0001613   0.0002195   0.0003872   6.326e-06  NAND2_X1
_749_                          0.0001741    0.000134   0.0003508    4.26e-05  AND2_X2
_752_                          0.0001415   0.0001947   0.0003422   6.037e-06  NAND2_X1
_750_                          0.0001082    0.000197   0.0003211    1.59e-05  NAND2_X4
rebuffer163                    0.0001582   6.637e-05   0.0003022   7.769e-05  BUF_X4
_682_                          0.0001083   7.936e-05    0.000283   9.543e-05  NOR2_X4
_677_                          0.0001057   0.0001616   0.0002788   1.159e-05  NAND2_X2
_580_                          9.992e-05   0.0001165    0.000267   5.058e-05  NAND2_X4
_813_                          0.0001007   0.0001537   0.0002637   9.225e-06  NAND2_X1
_909_                          0.0001183   0.0001339   0.0002614   9.242e-06  NAND2_X1
_873_                          0.0001256   0.0001247   0.0002596   9.245e-06  NAND2_X1
_891_                          0.0001245   0.0001177   0.0002515   9.243e-06  NAND2_X1
_864_                          0.0001206   0.0001195   0.0002493   9.224e-06  NAND2_X1
_903_                          0.0001201   0.0001129   0.0002423   9.242e-06  NAND2_X1
_885_                           0.000123   0.0001035   0.0002358   9.241e-06  NAND2_X1
_897_                          0.0001182   0.0001021   0.0002295   9.235e-06  NAND2_X1
_626_                          0.0001211   8.968e-05   0.0002269   1.608e-05  NAND2_X4
_858_                          0.0001203   9.624e-05   0.0002257   9.224e-06  NAND2_X1
_661_                          0.0001135   7.511e-05   0.0002047   1.603e-05  NAND2_X4
_851_                          9.399e-05   9.088e-05   0.0001941   9.225e-06  NAND2_X1
_627_                          3.876e-05   4.363e-05   0.0001195   3.713e-05  INV_X2
_741_                          1.836e-05   2.333e-05   6.982e-05   2.813e-05  NOR2_X1
_745_                          1.015e-07   1.133e-07   1.882e-05    1.86e-05  INV_X1
_742_                          2.029e-07   2.767e-07   3.797e-06   3.317e-06  NAND3_X1

---------------------------------------------------------------------------------------

Total (    609 of    609  )       0.9774      0.7207      1.723     0.02494
Total Capacitance                 3.46e-12 F
Power Density                   *** No Die Area ***
